2026-03-08 20:18:01.501  INFO --- [restartedMain] c.t.b.Batch15Application                 : Starting Batch15Application using Java 21.0.10 with PID 29748 (C:\springbootproject\batch15\target\classes started by shaik in C:\springbootproject)
2026-03-08 20:18:01.519 DEBUG --- [restartedMain] c.t.b.Batch15Application                 : Running with Spring Boot v4.0.2, Spring v7.0.3
2026-03-08 20:18:01.521  INFO --- [restartedMain] c.t.b.Batch15Application                 : The following 1 profile is active: "DEV"
2026-03-08 20:18:01.649  INFO --- [restartedMain] .e.DevToolsPropertyDefaultsPostProcessor : Devtools property defaults active! Set 'spring.devtools.add-properties' to 'false' to disable
2026-03-08 20:18:01.653  INFO --- [restartedMain] .e.DevToolsPropertyDefaultsPostProcessor : For additional web related logging consider setting the 'logging.level.web' property to 'DEBUG'
2026-03-08 20:18:05.040  INFO --- [restartedMain] .s.d.r.c.RepositoryConfigurationDelegate : Bootstrapping Spring Data JPA repositories in DEFAULT mode.
2026-03-08 20:18:05.637  INFO --- [restartedMain] .s.d.r.c.RepositoryConfigurationDelegate : Finished Spring Data repository scanning in 564 ms. Found 14 JPA repository interfaces.
2026-03-08 20:18:07.220  INFO --- [restartedMain] o.s.c.c.s.GenericScope                   : BeanFactory id=fcfb25e6-4f61-3b0c-9ca3-08b2130153b3
2026-03-08 20:18:10.472  INFO --- [restartedMain] o.s.b.t.TomcatWebServer                  : Tomcat initialized with port 8080 (http)
2026-03-08 20:18:10.571  INFO --- [restartedMain] o.a.c.h.Http11NioProtocol                : Initializing ProtocolHandler ["http-nio-8080"]
2026-03-08 20:18:10.581  INFO --- [restartedMain] o.a.c.c.StandardService                  : Starting service [Tomcat]
2026-03-08 20:18:10.582  INFO --- [restartedMain] o.a.c.c.StandardEngine                   : Starting Servlet engine: [Apache Tomcat/11.0.15]
2026-03-08 20:18:10.743  INFO --- [restartedMain] b.w.c.s.WebApplicationContextInitializer : Root WebApplicationContext: initialization completed in 9085 ms
2026-03-08 20:18:12.161  INFO --- [restartedMain] o.h.o.jpa                                : HHH008540: Processing PersistenceUnitInfo [name: default]
2026-03-08 20:18:12.313  INFO --- [restartedMain] o.h.o.core                               : HHH000001: Hibernate ORM core version 7.2.1.Final
2026-03-08 20:18:14.096  INFO --- [restartedMain] o.s.o.j.p.SpringPersistenceUnitInfo      : No LoadTimeWeaver setup: ignoring JPA class transformer
2026-03-08 20:18:14.203  INFO --- [restartedMain] c.z.h.HikariDataSource                   : HikariPool-1 - Starting...
2026-03-08 20:18:15.367  INFO --- [restartedMain] c.z.h.p.HikariPool                       : HikariPool-1 - Added connection com.mysql.cj.jdbc.ConnectionImpl@22dbca3c
2026-03-08 20:18:15.370  INFO --- [restartedMain] c.z.h.HikariDataSource                   : HikariPool-1 - Start completed.
2026-03-08 20:18:15.814  WARN --- [restartedMain] o.h.o.deprecation                        : HHH90000025: MySQLDialect does not need to be specified explicitly using 'hibernate.dialect' (remove the property setting and it will be selected by default)
2026-03-08 20:18:15.911  INFO --- [restartedMain] o.h.o.c.pooling                          : HHH10001005: Database info:
	Database JDBC URL [jdbc:mysql://localhost:3306/springbatch15]
	Database driver: MySQL Connector/J
	Database dialect: MySQLDialect
	Database version: 8.0.45
	Default catalog/schema: springbatch15/undefined
	Autocommit mode: undefined/unknown
	Isolation level: REPEATABLE_READ [default REPEATABLE_READ]
	JDBC fetch size: none
	Pool: DataSourceConnectionProvider
	Minimum pool size: undefined/unknown
	Maximum pool size: undefined/unknown
2026-03-08 20:18:19.809  INFO --- [restartedMain] o.h.o.core                               : HHH000489: No JTA platform available (set 'hibernate.transaction.jta.platform' to enable JTA platform integration)
2026-03-08 20:18:20.354  INFO --- [restartedMain] j.LocalContainerEntityManagerFactoryBean : Initialized JPA EntityManagerFactory for persistence unit 'default'
2026-03-08 20:18:20.643  INFO --- [restartedMain] o.s.d.j.r.q.QueryEnhancerFactories       : Hibernate is in classpath; If applicable, HQL parser will be used.
2026-03-08 20:18:23.237  WARN --- [restartedMain] JpaBaseConfiguration$JpaWebConfiguration : spring.jpa.open-in-view is enabled by default. Therefore, database queries may be performed during view rendering. Explicitly configure spring.jpa.open-in-view to disable this warning
2026-03-08 20:18:23.958  INFO --- [restartedMain] o.s.b.h.a.H2ConsoleAutoConfiguration     : H2 console available at '/h2-console'. Database available at 'jdbc:mysql://localhost:3306/springbatch15'
2026-03-08 20:18:24.094  INFO --- [restartedMain] o.s.b.a.e.w.EndpointLinksResolver        : Exposing 14 endpoints beneath base path '/actuator'
2026-03-08 20:18:24.168  INFO --- [restartedMain] o.a.c.h.Http11NioProtocol                : Starting ProtocolHandler ["http-nio-8080"]
2026-03-08 20:18:24.212  INFO --- [restartedMain] o.s.b.t.TomcatWebServer                  : Tomcat started on port 8080 (http) with context path '/'
2026-03-08 20:18:24.240  INFO --- [restartedMain] c.t.b.Batch15Application                 : Started Batch15Application in 24.672 seconds (process running for 28.241)
2026-03-08 20:18:24.333 DEBUG --- [restartedMain] c.t.b.Batch15Application                 : Debug Level
2026-03-08 20:18:24.334  INFO --- [restartedMain] c.t.b.Batch15Application                 : Info Level
2026-03-08 20:18:24.334  WARN --- [restartedMain] c.t.b.Batch15Application                 : Warn Level
2026-03-08 20:18:24.334 ERROR --- [restartedMain] c.t.b.Batch15Application                 : Error Level
2026-03-08 20:18:24.334 FATAL --- [restartedMain] c.t.b.Batch15Application                 : Fatal level
2026-03-08 20:19:27.968  INFO --- [http-nio-8080-exec-1] o.a.c.c.C.[.[.[/]                        : Initializing Spring DispatcherServlet 'dispatcherServlet'
2026-03-08 20:19:28.017  INFO --- [http-nio-8080-exec-1] o.s.w.s.DispatcherServlet                : Initializing Servlet 'dispatcherServlet'
2026-03-08 20:19:28.270  INFO --- [http-nio-8080-exec-1] o.s.w.s.DispatcherServlet                : Completed initialization in 252 ms
2026-03-08 20:45:12.654  WARN --- [HikariPool-1:housekeeper] c.z.h.p.HikariPool                       : HikariPool-1 - Thread starvation or clock leap detected (housekeeper delta=2m26s491ms635µs600ns).
2026-03-08 21:03:35.282  WARN --- [HikariPool-1:housekeeper] c.z.h.p.HikariPool                       : HikariPool-1 - Thread starvation or clock leap detected (housekeeper delta=10m51s483ms869µs600ns).
2026-03-08 21:17:29.274  WARN --- [HikariPool-1:housekeeper] c.z.h.p.HikariPool                       : HikariPool-1 - Thread starvation or clock leap detected (housekeeper delta=6m14s444ms16µs).
2026-03-08 21:38:03.635  WARN --- [HikariPool-1:housekeeper] c.z.h.p.HikariPool                       : HikariPool-1 - Thread starvation or clock leap detected (housekeeper delta=1m20s111ms279µs).
2026-03-08 23:35:27.280  INFO --- [SpringApplicationShutdownHook] o.s.b.t.GracefulShutdown                 : Commencing graceful shutdown. Waiting for active requests to complete
2026-03-08 23:35:27.401  INFO --- [tomcat-shutdown] o.s.b.t.GracefulShutdown                 : Graceful shutdown complete
2026-03-08 23:35:27.968  INFO --- [SpringApplicationShutdownHook] j.LocalContainerEntityManagerFactoryBean : Closing JPA EntityManagerFactory for persistence unit 'default'
2026-03-08 23:35:28.049  INFO --- [SpringApplicationShutdownHook] c.z.h.HikariDataSource                   : HikariPool-1 - Shutdown initiated...
2026-03-08 23:35:28.076  INFO --- [SpringApplicationShutdownHook] c.z.h.HikariDataSource                   : HikariPool-1 - Shutdown completed.
